<?xml version="1.0" encoding="UTF-8"?>
<testsuite name="com.kodilla.ecommercee.SpringBootJPAIntegrationTest" tests="1" skipped="0" failures="0" errors="0" timestamp="2020-03-26T14:14:52" hostname="DESKTOP-PR42H7G" time="0.185">
  <properties/>
  <testcase name="givenGenericEntityRepository_whenSaveAndRetreiveEntity_thenOK" classname="com.kodilla.ecommercee.SpringBootJPAIntegrationTest" time="0.185"/>
  <system-out><![CDATA[2020-03-26 15:14:52.738  INFO 13104 --- [    Test worker] .b.t.c.SpringBootTestContextBootstrapper : Neither @ContextConfiguration nor @ContextHierarchy found for test class [com.kodilla.ecommercee.SpringBootJPAIntegrationTest], using SpringBootContextLoader
2020-03-26 15:14:52.739  INFO 13104 --- [    Test worker] o.s.t.c.support.AbstractContextLoader    : Could not detect default resource locations for test class [com.kodilla.ecommercee.SpringBootJPAIntegrationTest]: no resource found for suffixes {-context.xml, Context.groovy}.
2020-03-26 15:14:52.740  INFO 13104 --- [    Test worker] t.c.s.AnnotationConfigContextLoaderUtils : Could not detect default configuration classes for test class [com.kodilla.ecommercee.SpringBootJPAIntegrationTest]: SpringBootJPAIntegrationTest does not declare any static, non-private, non-final, nested classes annotated with @Configuration.
2020-03-26 15:14:52.743  INFO 13104 --- [    Test worker] .b.t.c.SpringBootTestContextBootstrapper : Found @SpringBootConfiguration com.kodilla.ecommercee.EcommerceeApplication for test class com.kodilla.ecommercee.SpringBootJPAIntegrationTest
2020-03-26 15:14:52.745  INFO 13104 --- [    Test worker] .b.t.c.SpringBootTestContextBootstrapper : Loaded default TestExecutionListener class names from location [META-INF/spring.factories]: [org.springframework.boot.test.autoconfigure.restdocs.RestDocsTestExecutionListener, org.springframework.boot.test.autoconfigure.web.client.MockRestServiceServerResetTestExecutionListener, org.springframework.boot.test.autoconfigure.web.servlet.MockMvcPrintOnlyOnFailureTestExecutionListener, org.springframework.boot.test.autoconfigure.web.servlet.WebDriverTestExecutionListener, org.springframework.boot.test.mock.mockito.MockitoTestExecutionListener, org.springframework.boot.test.mock.mockito.ResetMocksTestExecutionListener, org.springframework.test.context.web.ServletTestExecutionListener, org.springframework.test.context.support.DirtiesContextBeforeModesTestExecutionListener, org.springframework.test.context.support.DependencyInjectionTestExecutionListener, org.springframework.test.context.support.DirtiesContextTestExecutionListener, org.springframework.test.context.transaction.TransactionalTestExecutionListener, org.springframework.test.context.jdbc.SqlScriptsTestExecutionListener]
2020-03-26 15:14:52.747  INFO 13104 --- [    Test worker] .b.t.c.SpringBootTestContextBootstrapper : Using TestExecutionListeners: [org.springframework.test.context.web.ServletTestExecutionListener@1a1ae256, org.springframework.test.context.support.DirtiesContextBeforeModesTestExecutionListener@5f4f01b0, org.springframework.boot.test.mock.mockito.MockitoTestExecutionListener@664baffe, org.springframework.boot.test.autoconfigure.SpringBootDependencyInjectionTestExecutionListener@a5bc1c7, org.springframework.test.context.support.DirtiesContextTestExecutionListener@479e9a88, org.springframework.test.context.transaction.TransactionalTestExecutionListener@60fb414a, org.springframework.test.context.jdbc.SqlScriptsTestExecutionListener@5bf436f4, org.springframework.boot.test.autoconfigure.restdocs.RestDocsTestExecutionListener@f7581b4, org.springframework.boot.test.autoconfigure.web.client.MockRestServiceServerResetTestExecutionListener@3c0c1008, org.springframework.boot.test.autoconfigure.web.servlet.MockMvcPrintOnlyOnFailureTestExecutionListener@6c7f7d2, org.springframework.boot.test.autoconfigure.web.servlet.WebDriverTestExecutionListener@7cfe2268, org.springframework.boot.test.mock.mockito.ResetMocksTestExecutionListener@5f257462]
]]></system-out>
  <system-err><![CDATA[]]></system-err>
</testsuite>
