<?xml version="1.0" encoding="UTF-8"?>
<testsuite name="com.kodilla.ecommercee.SpringBootJPAIntegrationTest" tests="1" skipped="0" failures="0" errors="0" timestamp="2020-03-29T17:00:29" hostname="DESKTOP-PR42H7G" time="0.176">
  <properties/>
  <testcase name="givenGenericEntityRepository_whenSaveAndRetreiveEntity_thenOK" classname="com.kodilla.ecommercee.SpringBootJPAIntegrationTest" time="0.176"/>
  <system-out><![CDATA[2020-03-29 19:00:29.095  INFO 4660 --- [    Test worker] .b.t.c.SpringBootTestContextBootstrapper : Neither @ContextConfiguration nor @ContextHierarchy found for test class [com.kodilla.ecommercee.SpringBootJPAIntegrationTest], using SpringBootContextLoader
2020-03-29 19:00:29.097  INFO 4660 --- [    Test worker] o.s.t.c.support.AbstractContextLoader    : Could not detect default resource locations for test class [com.kodilla.ecommercee.SpringBootJPAIntegrationTest]: no resource found for suffixes {-context.xml, Context.groovy}.
2020-03-29 19:00:29.097  INFO 4660 --- [    Test worker] t.c.s.AnnotationConfigContextLoaderUtils : Could not detect default configuration classes for test class [com.kodilla.ecommercee.SpringBootJPAIntegrationTest]: SpringBootJPAIntegrationTest does not declare any static, non-private, non-final, nested classes annotated with @Configuration.
2020-03-29 19:00:29.100  INFO 4660 --- [    Test worker] .b.t.c.SpringBootTestContextBootstrapper : Found @SpringBootConfiguration com.kodilla.ecommercee.EcommerceeApplication for test class com.kodilla.ecommercee.SpringBootJPAIntegrationTest
2020-03-29 19:00:29.103  INFO 4660 --- [    Test worker] .b.t.c.SpringBootTestContextBootstrapper : Loaded default TestExecutionListener class names from location [META-INF/spring.factories]: [org.springframework.boot.test.autoconfigure.restdocs.RestDocsTestExecutionListener, org.springframework.boot.test.autoconfigure.web.client.MockRestServiceServerResetTestExecutionListener, org.springframework.boot.test.autoconfigure.web.servlet.MockMvcPrintOnlyOnFailureTestExecutionListener, org.springframework.boot.test.autoconfigure.web.servlet.WebDriverTestExecutionListener, org.springframework.boot.test.mock.mockito.MockitoTestExecutionListener, org.springframework.boot.test.mock.mockito.ResetMocksTestExecutionListener, org.springframework.test.context.web.ServletTestExecutionListener, org.springframework.test.context.support.DirtiesContextBeforeModesTestExecutionListener, org.springframework.test.context.support.DependencyInjectionTestExecutionListener, org.springframework.test.context.support.DirtiesContextTestExecutionListener, org.springframework.test.context.transaction.TransactionalTestExecutionListener, org.springframework.test.context.jdbc.SqlScriptsTestExecutionListener]
2020-03-29 19:00:29.104  INFO 4660 --- [    Test worker] .b.t.c.SpringBootTestContextBootstrapper : Using TestExecutionListeners: [org.springframework.test.context.web.ServletTestExecutionListener@44181a2b, org.springframework.test.context.support.DirtiesContextBeforeModesTestExecutionListener@7b2da9ec, org.springframework.boot.test.mock.mockito.MockitoTestExecutionListener@156f8974, org.springframework.boot.test.autoconfigure.SpringBootDependencyInjectionTestExecutionListener@51850910, org.springframework.test.context.support.DirtiesContextTestExecutionListener@55488849, org.springframework.test.context.transaction.TransactionalTestExecutionListener@433c29c5, org.springframework.test.context.jdbc.SqlScriptsTestExecutionListener@2af12cff, org.springframework.boot.test.autoconfigure.restdocs.RestDocsTestExecutionListener@53457d38, org.springframework.boot.test.autoconfigure.web.client.MockRestServiceServerResetTestExecutionListener@425eadd9, org.springframework.boot.test.autoconfigure.web.servlet.MockMvcPrintOnlyOnFailureTestExecutionListener@608ec656, org.springframework.boot.test.autoconfigure.web.servlet.WebDriverTestExecutionListener@433b886c, org.springframework.boot.test.mock.mockito.ResetMocksTestExecutionListener@3b6f918e]
]]></system-out>
  <system-err><![CDATA[]]></system-err>
</testsuite>
